<?xml version="1.0" encoding="UTF-8"?>
<!-- Generated by org.testng.reporters.JUnitReportReporter -->
<testsuite hostname="user1" failures="0" tests="4" name="testscripts.ArticlePage" time="9.614" errors="0" timestamp="2025-04-14T13:53:03 IST" skipped="0">
  <testcase classname="testscripts.ArticlePage" name="validLogiTest" time="3.600"/>
  <testcase classname="testscripts.ArticlePage" name="createNewArticle" time="2.031"/>
  <testcase classname="testscripts.ArticlePage" name="editExistingArticle" time="3.693"/>
  <testcase classname="testscripts.ArticlePage" name="delArticle" time="0.290"/>
</testsuite> <!-- testscripts.ArticlePage -->
